<?xml version="1.0" encoding="UTF-8"?>
<!-- Generated by org.testng.reporters.JUnitReportReporter -->
<testsuite skipped="0" hostname="DESKTOP-G9K1F1B" name="com.testng.features.Simple_Annotations" tests="3" failures="0" timestamp="2022-01-16T18:11:47 IST" time="0.021" errors="0">
  <testcase name="dress" time="0.014" classname="com.testng.features.Simple_Annotations"/>
  <system-out/>
  <testcase name="tshirt" time="0.003" classname="com.testng.features.Simple_Annotations"/>
  <system-out/>
  <testcase name="women" time="0.004" classname="com.testng.features.Simple_Annotations"/>
  <system-out/>
</testsuite> <!-- com.testng.features.Simple_Annotations -->
