<?xml version="1.0" encoding="UTF-8"?>
<!-- Generated by org.testng.reporters.JUnitReportReporter -->
<testsuite skipped="0" hostname="DESKTOP-G9K1F1B" name="com.TestNG.Convert_Testng$Covert" tests="3" failures="0" timestamp="2022-01-16T23:10:20 IST" time="33.238" errors="0">
  <testcase name="Method" time="4.831" classname="com.TestNG.Convert_Testng$Covert"/>
  <system-out/>
  <testcase name="frame" time="9.039" classname="com.TestNG.Convert_Testng$Covert"/>
  <system-out/>
  <testcase name="Confirmation" time="19.368" classname="com.TestNG.Convert_Testng$Covert"/>
  <system-out/>
</testsuite> <!-- com.TestNG.Convert_Testng$Covert -->
