<?xml version="1.0" encoding="UTF-8"?>
<!-- Generated by org.testng.reporters.JUnitReportReporter -->
<testsuite skipped="0" hostname="DESKTOP-G9K1F1B" name="com.testng.features.Dependency" tests="4" failures="0" timestamp="2022-01-01T18:34:31 IST" time="0.039" errors="0">
  <testcase name="url" time="0.004" classname="com.testng.features.Dependency"/>
  <system-out/>
  <testcase name="login" time="0.008" classname="com.testng.features.Dependency"/>
  <system-out/>
  <testcase name="homePage" time="0.006" classname="com.testng.features.Dependency"/>
  <system-out/>
  <testcase name="browserlanuch" time="0.021" classname="com.testng.features.Dependency"/>
  <system-out/>
</testsuite> <!-- com.testng.features.Dependency -->
