<?xml version="1.0" encoding="UTF-8"?>
<!-- Generated by org.testng.reporters.JUnitReportReporter -->
<testsuite name="com.testng.features.Simple_Annotations" tests="3" time="0.017" ignored="0" failures="0" timestamp="24 Dec 2021 17:26:42 GMT" skipped="0" hostname="DESKTOP-G9K1F1B" errors="0">
  <testcase name="dress" time="0.010" classname="com.testng.features.Simple_Annotations"/>
  <testcase name="women" time="0.003" classname="com.testng.features.Simple_Annotations"/>
  <testcase name="tshirt" time="0.004" classname="com.testng.features.Simple_Annotations"/>
</testsuite> <!-- com.testng.features.Simple_Annotations -->
