<?xml version="1.0" encoding="UTF-8"?>
<!-- Generated by org.testng.reporters.JUnitReportReporter -->
<testsuite skipped="0" hostname="DESKTOP-G9K1F1B" name="com.testng.features.Ignore_Test" tests="4" failures="0" timestamp="2021-12-30T20:13:48 IST" time="0.022" errors="0">
  <testcase name="kitBag" time="0.002" classname="com.testng.features.Ignore_Test"/>
  <system-out/>
  <testcase name="sports" time="0.002" classname="com.testng.features.Ignore_Test"/>
  <system-out/>
  <testcase name="dress" time="0.015" classname="com.testng.features.Ignore_Test"/>
  <system-out/>
  <testcase name="footwears" time="0.003" classname="com.testng.features.Ignore_Test"/>
  <system-out/>
</testsuite> <!-- com.testng.features.Ignore_Test -->
