<?xml version="1.0" encoding="UTF-8"?>
<!-- Generated by org.testng.reporters.JUnitReportReporter -->
<testsuite name="com.testng.features.Grouping_Test" tests="1" time="0.017" ignored="6" failures="0" timestamp="29 Dec 2021 11:25:43 GMT" skipped="0" hostname="DESKTOP-G9K1F1B" errors="0">
  <testcase name="tvChannel" time="0.017" classname="com.testng.features.Grouping_Test"/>
  <testcase name="flipkart" classname="com.testng.features.Grouping_Test">
    <skipped/>
  </testcase> <!-- flipkart -->
  <testcase name="phonePe" classname="com.testng.features.Grouping_Test">
    <skipped/>
  </testcase> <!-- phonePe -->
  <testcase name="goolgePay" classname="com.testng.features.Grouping_Test">
    <skipped/>
  </testcase> <!-- goolgePay -->
  <testcase name="cricket" classname="com.testng.features.Grouping_Test">
    <skipped/>
  </testcase> <!-- cricket -->
  <testcase name="amazon" classname="com.testng.features.Grouping_Test">
    <skipped/>
  </testcase> <!-- amazon -->
  <testcase name="myntra" classname="com.testng.features.Grouping_Test">
    <skipped/>
  </testcase> <!-- myntra -->
</testsuite> <!-- com.testng.features.Grouping_Test -->
