<?xml version="1.0" encoding="UTF-8"?>
<!-- Generated by org.testng.reporters.JUnitReportReporter -->
<testsuite skipped="0" hostname="DESKTOP-G9K1F1B" name="com.testng.features.Invocation_Count" tests="6" failures="0" timestamp="2021-12-30T21:27:34 IST" time="0.033" errors="0">
  <testcase name="reload" time="0.015" classname="com.testng.features.Invocation_Count"/>
  <system-out/>
  <testcase name="reload" time="0.002" classname="com.testng.features.Invocation_Count"/>
  <system-out/>
  <testcase name="chrome" time="0.003" classname="com.testng.features.Invocation_Count"/>
  <system-out/>
  <testcase name="url" time="0.002" classname="com.testng.features.Invocation_Count"/>
  <system-out/>
  <testcase name="browser_lanuch" time="0.009" classname="com.testng.features.Invocation_Count"/>
  <system-out/>
  <testcase name="refresh" time="0.002" classname="com.testng.features.Invocation_Count"/>
  <system-out/>
</testsuite> <!-- com.testng.features.Invocation_Count -->
