<?xml version="1.0" encoding="UTF-8"?>
<!-- Generated by org.testng.reporters.JUnitReportReporter -->
<testsuite skipped="0" hostname="DESKTOP-G9K1F1B" name="com.testng.features.Priority_Concept" tests="4" failures="0" timestamp="2021-12-30T20:13:24 IST" time="0.031" errors="0">
  <testcase name="dress" time="0.017" classname="com.testng.features.Priority_Concept"/>
  <system-out/>
  <testcase name="women" time="0.005" classname="com.testng.features.Priority_Concept"/>
  <system-out/>
  <testcase name="books" time="0.002" classname="com.testng.features.Priority_Concept"/>
  <system-out/>
  <testcase name="gender" time="0.007" classname="com.testng.features.Priority_Concept"/>
  <system-out/>
</testsuite> <!-- com.testng.features.Priority_Concept -->
