<?xml version="1.0" encoding="UTF-8"?>
<!-- Generated by org.testng.reporters.JUnitReportReporter -->
<testsuite skipped="0" hostname="DESKTOP-G9K1F1B" name="com.testng.features.Time_Out" tests="3" failures="0" timestamp="2021-12-30T21:41:28 IST" time="4.029" errors="0">
  <testcase name="login" time="1.007" classname="com.testng.features.Time_Out"/>
  <system-out/>
  <testcase name="browser" time="3.008" classname="com.testng.features.Time_Out"/>
  <system-out/>
  <testcase name="Url" time="0.014" classname="com.testng.features.Time_Out"/>
  <system-out/>
</testsuite> <!-- com.testng.features.Time_Out -->
