<?xml version="1.0" encoding="UTF-8"?>
<!-- Generated by org.testng.reporters.JUnitReportReporter -->
<testsuite skipped="0" hostname="DESKTOP-G9K1F1B" name="com.testng.features.Dataprovider_Test" tests="2" failures="0" timestamp="2022-01-05T22:58:16 IST" time="0.032" errors="0">
  <testcase name="userdetails" time="0.028" classname="com.testng.features.Dataprovider_Test"/>
  <system-out/>
  <testcase name="userdetails" time="0.004" classname="com.testng.features.Dataprovider_Test"/>
  <system-out/>
</testsuite> <!-- com.testng.features.Dataprovider_Test -->
